<?xml version="1.0" encoding="UTF-8"?>
<<<<<<< HEAD
<testsuite xmlns:xsi="http://www.w3.org/2001/XMLSchema-instance" xsi:noNamespaceSchemaLocation="https://maven.apache.org/surefire/maven-surefire-plugin/xsd/surefire-test-report.xsd" name="com.snehal.io.AppTest" time="0.077" tests="1" errors="0" skipped="0" failures="0">
=======
<testsuite xmlns:xsi="http://www.w3.org/2001/XMLSchema-instance" xsi:noNamespaceSchemaLocation="https://maven.apache.org/surefire/maven-surefire-plugin/xsd/surefire-test-report.xsd" name="com.snehal.io.AppTest" time="0.034" tests="1" errors="0" skipped="0" failures="0">
>>>>>>> 808c7f9 (added jenkinsfile)
  <properties>
    <property name="java.specification.version" value="17"/>
    <property name="sun.cpu.isalist" value="amd64"/>
    <property name="sun.jnu.encoding" value="Cp1252"/>
<<<<<<< HEAD
    <property name="java.class.path" value="C:\Users\v0819\OneDrive\Desktop\New folder\maven-sample-project\snehalmavenproject\target\test-classes;C:\Users\v0819\OneDrive\Desktop\New folder\maven-sample-project\snehalmavenproject\target\classes;C:\Users\v0819\.m2\repository\junit\junit\4.11\junit-4.11.jar;C:\Users\v0819\.m2\repository\org\hamcrest\hamcrest-core\1.3\hamcrest-core-1.3.jar;"/>
=======
    <property name="java.class.path" value="C:\Users\v0819\OneDrive\Desktop\New folder\ci-lab\cilabdemo\target\test-classes;C:\Users\v0819\OneDrive\Desktop\New folder\ci-lab\cilabdemo\target\classes;C:\Users\v0819\.m2\repository\junit\junit\4.11\junit-4.11.jar;C:\Users\v0819\.m2\repository\org\hamcrest\hamcrest-core\1.3\hamcrest-core-1.3.jar;"/>
>>>>>>> 808c7f9 (added jenkinsfile)
    <property name="java.vm.vendor" value="Oracle Corporation"/>
    <property name="sun.arch.data.model" value="64"/>
    <property name="user.variant" value=""/>
    <property name="java.vendor.url" value="https://java.oracle.com/"/>
    <property name="user.timezone" value="Asia/Calcutta"/>
    <property name="os.name" value="Windows 11"/>
    <property name="java.vm.specification.version" value="17"/>
    <property name="sun.java.launcher" value="SUN_STANDARD"/>
    <property name="user.country" value="IN"/>
    <property name="sun.boot.library.path" value="C:\Program Files\Java\jdk-17\bin"/>
<<<<<<< HEAD
    <property name="sun.java.command" value="C:\Users\v0819\AppData\Local\Temp\surefire11511440853551098703\surefirebooter5527511014532250820.jar C:\Users\v0819\AppData\Local\Temp\surefire11511440853551098703 2025-01-02T00-13-08_310-jvmRun1 surefire988460523242649483tmp surefire_02565897928523055827tmp"/>
    <property name="jdk.debug" value="release"/>
    <property name="surefire.test.class.path" value="C:\Users\v0819\OneDrive\Desktop\New folder\maven-sample-project\snehalmavenproject\target\test-classes;C:\Users\v0819\OneDrive\Desktop\New folder\maven-sample-project\snehalmavenproject\target\classes;C:\Users\v0819\.m2\repository\junit\junit\4.11\junit-4.11.jar;C:\Users\v0819\.m2\repository\org\hamcrest\hamcrest-core\1.3\hamcrest-core-1.3.jar;"/>
=======
    <property name="sun.java.command" value="C:\Users\v0819\AppData\Local\Temp\surefire5547812306639135572\surefirebooter307302841005570304.jar C:\Users\v0819\AppData\Local\Temp\surefire5547812306639135572 2025-03-20T18-24-52_412-jvmRun1 surefire17346167978065468053tmp surefire_017193645353063148262tmp"/>
    <property name="jdk.debug" value="release"/>
    <property name="surefire.test.class.path" value="C:\Users\v0819\OneDrive\Desktop\New folder\ci-lab\cilabdemo\target\test-classes;C:\Users\v0819\OneDrive\Desktop\New folder\ci-lab\cilabdemo\target\classes;C:\Users\v0819\.m2\repository\junit\junit\4.11\junit-4.11.jar;C:\Users\v0819\.m2\repository\org\hamcrest\hamcrest-core\1.3\hamcrest-core-1.3.jar;"/>
>>>>>>> 808c7f9 (added jenkinsfile)
    <property name="sun.cpu.endian" value="little"/>
    <property name="user.home" value="C:\Users\v0819"/>
    <property name="user.language" value="en"/>
    <property name="java.specification.vendor" value="Oracle Corporation"/>
    <property name="java.version.date" value="2024-07-16"/>
    <property name="java.home" value="C:\Program Files\Java\jdk-17"/>
    <property name="file.separator" value="\"/>
<<<<<<< HEAD
    <property name="basedir" value="C:\Users\v0819\OneDrive\Desktop\New folder\maven-sample-project\snehalmavenproject"/>
=======
    <property name="basedir" value="C:\Users\v0819\OneDrive\Desktop\New folder\ci-lab\cilabdemo"/>
>>>>>>> 808c7f9 (added jenkinsfile)
    <property name="java.vm.compressedOopsMode" value="Zero based"/>
    <property name="line.separator" value="&#10;"/>
    <property name="java.vm.specification.vendor" value="Oracle Corporation"/>
    <property name="java.specification.name" value="Java Platform API Specification"/>
<<<<<<< HEAD
    <property name="surefire.real.class.path" value="C:\Users\v0819\AppData\Local\Temp\surefire11511440853551098703\surefirebooter5527511014532250820.jar"/>
=======
    <property name="surefire.real.class.path" value="C:\Users\v0819\AppData\Local\Temp\surefire5547812306639135572\surefirebooter307302841005570304.jar"/>
>>>>>>> 808c7f9 (added jenkinsfile)
    <property name="user.script" value=""/>
    <property name="sun.management.compiler" value="HotSpot 64-Bit Tiered Compilers"/>
    <property name="java.runtime.version" value="17.0.12+8-LTS-286"/>
    <property name="user.name" value="v0819"/>
    <property name="path.separator" value=";"/>
    <property name="os.version" value="10.0"/>
    <property name="java.runtime.name" value="Java(TM) SE Runtime Environment"/>
    <property name="file.encoding" value="Cp1252"/>
    <property name="java.vm.name" value="Java HotSpot(TM) 64-Bit Server VM"/>
    <property name="localRepository" value="C:\Users\v0819\.m2\repository"/>
    <property name="java.vendor.url.bug" value="https://bugreport.java.com/bugreport/"/>
    <property name="java.io.tmpdir" value="C:\Users\v0819\AppData\Local\Temp\"/>
    <property name="java.version" value="17.0.12"/>
<<<<<<< HEAD
    <property name="user.dir" value="C:\Users\v0819\OneDrive\Desktop\New folder\maven-sample-project\snehalmavenproject"/>
=======
    <property name="user.dir" value="C:\Users\v0819\OneDrive\Desktop\New folder\ci-lab\cilabdemo"/>
>>>>>>> 808c7f9 (added jenkinsfile)
    <property name="os.arch" value="amd64"/>
    <property name="java.vm.specification.name" value="Java Virtual Machine Specification"/>
    <property name="sun.os.patch.level" value=""/>
    <property name="native.encoding" value="Cp1252"/>
    <property name="java.library.path" value="C:\Program Files\Java\jdk-17\bin;C:\WINDOWS\Sun\Java\bin;C:\WINDOWS\system32;C:\WINDOWS;C:\Program Files\PowerShell\7;C:\Program Files\Common Files\Oracle\Java\javapath;C:\windows\system32;C:\windows;C:\windows\System32\Wbem;C:\windows\System32\WindowsPowerShell\v1.0\;C:\windows\System32\OpenSSH\;C:\Program Files\nodejs\;C:\Program Files\Microsoft SQL Server\150\Tools\Binn\;C:\Program Files\Microsoft SQL Server\Client SDK\ODBC\170\Tools\Binn\;C:\Program Files\dotnet\;C:\Program Files\HP\HP One Agent;C:\WINDOWS\system32;C:\WINDOWS;C:\WINDOWS\System32\Wbem;C:\WINDOWS\System32\WindowsPowerShell\v1.0\;C:\WINDOWS\System32\OpenSSH\;C:\Program Files\Git\cmd;C:\Program Files\Java\jdk-17\bin;C:\Program Files\apache-maven-3.9.9-bin\apache-maven-3.9.9\bin;C:\Program Files\MySQL\MySQL Shell 8.0\bin\;C:\Users\v0819\AppData\Local\Microsoft\WindowsApps;C:\Users\v0819\AppData\Local\Programs\Microsoft VS Code\bin;C:\Users\v0819\AppData\Roaming\npm;C:\Users\v0819\.dotnet\tools;;."/>
    <property name="java.vm.info" value="mixed mode, sharing"/>
    <property name="java.vendor" value="Oracle Corporation"/>
    <property name="java.vm.version" value="17.0.12+8-LTS-286"/>
    <property name="sun.io.unicode.encoding" value="UnicodeLittle"/>
    <property name="java.class.version" value="61.0"/>
  </properties>
<<<<<<< HEAD
  <testcase name="shouldAnswerWithTrue" classname="com.snehal.io.AppTest" time="0.003"/>
=======
  <testcase name="shouldAnswerWithTrue" classname="com.snehal.io.AppTest" time="0.001"/>
>>>>>>> 808c7f9 (added jenkinsfile)
</testsuite>